PLINK v1.90b6.12 64-bit (28 Oct 2019)
Options in effect:
  --bfile /data/project/1kg_phase1_all
  --ld-snp rs1558902
  --ld-window 10000
  --out r2.for.rs1558902
  --r2
  --threads 10

Hostname: jupyter-annashcherbina
Working directory: /home/jovyan/humbio51_instructor/class_14_Introduction_to_GWAS_and_to_Course_Project
Start time: Thu Nov  7 17:58:31 2019

Random number seed: 1573149511
15037 MB RAM detected; reserving 7518 MB for main workspace.
39728178 variants loaded from .bim file.
1092 people (525 males, 567 females) loaded from .fam.
Using up to 10 threads (change this with --threads).
Before main variant filters, 1083 founders and 9 nonfounders present.
Calculating allele frequencies... done.
Warning: 855 het. haploid genotypes present (see r2.for.rs1558902.hh ); many
commands treat these as missing.
Total genotyping rate is 0.999956.
39728178 variants and 1092 people pass filters and QC.
Note: No phenotypes present.
--r2 to r2.for.rs1558902.ld ... done.

End time: Thu Nov  7 18:01:28 2019
